TN:
SF:src\authentication\middleware.js
FN:7,(anonymous_0)
FN:19,(anonymous_1)
FNF:2
FNH:0
FNDA:0,(anonymous_0)
FNDA:0,(anonymous_1)
DA:5,1
DA:7,1
DA:9,0
DA:10,0
DA:11,0
DA:13,0
DA:14,0
DA:19,1
DA:20,0
DA:21,0
DA:23,0
DA:24,0
DA:27,0
DA:28,0
DA:30,0
DA:31,0
DA:34,0
DA:35,0
DA:37,0
DA:38,0
LF:20
LH:3
BRDA:23,0,0,0
BRDA:23,0,1,0
BRDA:30,1,0,0
BRDA:30,1,1,0
BRF:4
BRH:0
end_of_record
TN:
SF:src\collections\Device.js
FNF:0
FNH:0
DA:4,1
DA:28,1
LF:2
LH:2
BRF:0
BRH:0
end_of_record
TN:
SF:src\collections\Notification.js
FNF:0
FNH:0
DA:4,1
DA:36,1
LF:2
LH:2
BRF:0
BRH:0
end_of_record
TN:
SF:src\config\database.js
FN:5,(anonymous_0)
FNF:1
FNH:1
FNDA:2,(anonymous_0)
DA:3,1
DA:5,1
DA:6,2
DA:7,2
DA:11,2
DA:13,0
DA:14,0
LF:7
LH:5
BRF:0
BRH:0
end_of_record
TN:
SF:src\config\index.js
FN:8,(anonymous_0)
FN:21,(anonymous_1)
FNF:2
FNH:1
FNDA:1,(anonymous_0)
FNDA:0,(anonymous_1)
DA:8,1
DA:9,1
DA:10,1
DA:14,1
DA:16,1
DA:18,1
DA:19,1
DA:21,1
DA:22,0
DA:23,0
DA:27,0
DA:31,0
DA:32,0
DA:33,0
DA:35,0
LF:15
LH:8
BRDA:32,0,0,0
BRDA:32,0,1,0
BRF:2
BRH:0
end_of_record
TN:
SF:src\controllers\notifications.js
FN:11,sendPushNotification
FN:32,createNotification
FN:49,getNotifications
FN:58,getNotification
FN:67,getUserNotifications
FN:76,updateNotification
FN:80,deleteNotification
FN:89,markAsSent
FN:102,markAsRead
FN:115,registerDevice
FN:130,getDevice
FN:139,deleteDevice
FNF:12
FNH:8
FNDA:0,sendPushNotification
FNDA:1,createNotification
FNDA:0,getNotifications
FNDA:2,getNotification
FNDA:1,getUserNotifications
FNDA:0,updateNotification
FNDA:1,deleteNotification
FNDA:1,markAsSent
FNDA:1,markAsRead
FNDA:1,registerDevice
FNDA:1,getDevice
FNDA:0,deleteDevice
DA:7,1
DA:9,1
DA:12,0
DA:13,0
DA:25,0
DA:27,0
DA:28,0
DA:33,1
DA:40,1
DA:41,1
DA:42,1
DA:44,0
DA:50,0
DA:51,0
DA:52,0
DA:54,0
DA:59,2
DA:60,2
DA:61,2
DA:63,0
DA:68,1
DA:69,1
DA:70,1
DA:72,0
DA:81,1
DA:82,1
DA:83,1
DA:85,0
DA:90,1
DA:91,1
DA:96,1
DA:98,0
DA:103,1
DA:104,1
DA:109,1
DA:111,0
DA:116,1
DA:122,1
DA:123,1
DA:124,1
DA:126,0
DA:131,1
DA:132,1
DA:133,1
DA:135,0
DA:140,0
DA:141,0
DA:142,0
DA:144,0
LF:49
LH:28
BRF:0
BRH:0
end_of_record
TN:
SF:src\push notification\cronJob.js
FN:6,(anonymous_0)
FN:7,(anonymous_1)
FNF:2
FNH:1
FNDA:1,(anonymous_0)
FNDA:0,(anonymous_1)
DA:6,1
DA:7,1
LF:2
LH:2
BRF:0
BRH:0
end_of_record
TN:
SF:src\routes\notifications.js
FN:16,(anonymous_0)
FN:21,(anonymous_1)
FN:43,(anonymous_2)
FN:61,(anonymous_3)
FN:78,(anonymous_4)
FN:102,(anonymous_5)
FN:120,(anonymous_6)
FN:138,(anonymous_7)
FN:156,(anonymous_8)
FN:172,(anonymous_9)
FN:190,(anonymous_10)
FNF:11
FNH:8
FNDA:0,(anonymous_0)
FNDA:0,(anonymous_1)
FNDA:1,(anonymous_2)
FNDA:2,(anonymous_3)
FNDA:1,(anonymous_4)
FNDA:1,(anonymous_5)
FNDA:1,(anonymous_6)
FNDA:1,(anonymous_7)
FNDA:1,(anonymous_8)
FNDA:1,(anonymous_9)
FNDA:0,(anonymous_10)
DA:9,1
DA:10,1
DA:11,1
DA:13,1
DA:16,1
DA:17,0
DA:21,1
DA:22,0
DA:24,0
DA:26,0
DA:27,0
DA:29,0
DA:31,0
DA:32,0
DA:34,0
DA:37,0
DA:43,1
DA:44,1
DA:46,1
DA:47,1
DA:49,1
DA:50,1
DA:52,0
DA:55,0
DA:61,1
DA:62,2
DA:64,2
DA:65,2
DA:67,2
DA:68,1
DA:70,1
DA:73,0
DA:78,1
DA:79,1
DA:81,1
DA:82,1
DA:84,1
DA:85,1
DA:87,0
DA:90,0
DA:102,1
DA:103,1
DA:105,1
DA:106,1
DA:108,1
DA:109,1
DA:111,0
DA:114,0
DA:120,1
DA:121,1
DA:123,1
DA:124,1
DA:126,1
DA:127,1
DA:129,0
DA:132,0
DA:138,1
DA:139,1
DA:141,1
DA:142,1
DA:144,1
DA:145,1
DA:147,0
DA:150,0
DA:156,1
DA:157,1
DA:159,1
DA:160,1
DA:161,1
DA:162,1
DA:164,0
DA:167,0
DA:172,1
DA:173,1
DA:175,1
DA:176,1
DA:178,1
DA:179,1
DA:181,0
DA:184,0
DA:190,1
DA:191,0
DA:193,0
DA:194,0
DA:196,0
DA:197,0
DA:199,0
DA:202,0
LF:88
LH:56
BRDA:24,0,0,0
BRDA:24,0,1,0
BRDA:24,1,0,0
BRDA:24,1,1,0
BRDA:31,2,0,0
BRDA:31,2,1,0
BRDA:46,3,0,1
BRDA:46,3,1,0
BRDA:46,4,0,1
BRDA:46,4,1,1
BRDA:46,4,2,1
BRDA:46,4,3,1
BRDA:49,5,0,1
BRDA:49,5,1,0
BRDA:64,6,0,2
BRDA:64,6,1,0
BRDA:67,7,0,1
BRDA:67,7,1,1
BRDA:81,8,0,1
BRDA:81,8,1,0
BRDA:84,9,0,1
BRDA:84,9,1,0
BRDA:105,10,0,1
BRDA:105,10,1,0
BRDA:108,11,0,1
BRDA:108,11,1,0
BRDA:123,12,0,1
BRDA:123,12,1,0
BRDA:126,13,0,1
BRDA:126,13,1,0
BRDA:141,14,0,1
BRDA:141,14,1,0
BRDA:144,15,0,1
BRDA:144,15,1,0
BRDA:159,16,0,1
BRDA:159,16,1,0
BRDA:159,17,0,1
BRDA:159,17,1,1
BRDA:159,17,2,1
BRDA:161,18,0,1
BRDA:161,18,1,0
BRDA:175,19,0,1
BRDA:175,19,1,0
BRDA:178,20,0,1
BRDA:178,20,1,0
BRDA:193,21,0,0
BRDA:193,21,1,0
BRDA:196,22,0,0
BRDA:196,22,1,0
BRF:49
BRH:24
end_of_record
