TN:
SF:src\authentication\middleware.js
FN:7,(anonymous_0)
FN:19,(anonymous_1)
FNF:2
FNH:0
FNDA:0,(anonymous_0)
FNDA:0,(anonymous_1)
DA:5,1
DA:7,1
DA:9,0
DA:10,0
DA:11,0
DA:13,0
DA:14,0
DA:19,1
DA:20,0
DA:21,0
DA:23,0
DA:24,0
DA:27,0
DA:28,0
DA:30,0
DA:31,0
DA:34,0
DA:35,0
DA:37,0
DA:38,0
LF:20
LH:3
BRDA:23,0,0,0
BRDA:23,0,1,0
BRDA:30,1,0,0
BRDA:30,1,1,0
BRF:4
BRH:0
end_of_record
TN:
SF:src\collections\Device.js
FNF:0
FNH:0
DA:4,1
DA:28,1
LF:2
LH:2
BRF:0
BRH:0
end_of_record
TN:
SF:src\collections\Notification.js
FNF:0
FNH:0
DA:4,1
DA:36,1
LF:2
LH:2
BRF:0
BRH:0
end_of_record
TN:
SF:src\config\database.js
FN:5,(anonymous_0)
FNF:1
FNH:1
FNDA:2,(anonymous_0)
DA:3,1
DA:5,1
DA:6,2
DA:7,2
DA:11,2
DA:13,0
DA:14,0
LF:7
LH:5
BRF:0
BRH:0
end_of_record
TN:
SF:src\config\index.js
FN:8,(anonymous_0)
FN:21,(anonymous_1)
FNF:2
FNH:1
FNDA:1,(anonymous_0)
FNDA:0,(anonymous_1)
DA:8,1
DA:9,1
DA:10,1
DA:14,1
DA:16,1
DA:18,1
DA:19,1
DA:21,1
DA:22,0
DA:23,0
DA:27,0
DA:31,0
DA:32,0
DA:33,0
DA:35,0
LF:15
LH:8
BRDA:32,0,0,0
BRDA:32,0,1,0
BRF:2
BRH:0
end_of_record
TN:
SF:src\controllers\notifications.js
FN:11,sendPushNotification
FN:32,createNotification
FN:58,getNotification
FN:67,getUserNotifications
FN:76,deleteNotification
FN:85,markAsSent
FN:98,markAsRead
FN:111,registerDevice
FN:126,getDevice
FNF:9
FNH:8
FNDA:0,sendPushNotification
FNDA:1,createNotification
FNDA:2,getNotification
FNDA:1,getUserNotifications
FNDA:1,deleteNotification
FNDA:1,markAsSent
FNDA:1,markAsRead
FNDA:1,registerDevice
FNDA:1,getDevice
DA:7,1
DA:9,1
DA:12,0
DA:13,0
DA:25,0
DA:27,0
DA:28,0
DA:33,1
DA:40,1
DA:41,1
DA:42,1
DA:44,0
DA:59,2
DA:60,2
DA:61,2
DA:63,0
DA:68,1
DA:69,1
DA:70,1
DA:72,0
DA:77,1
DA:78,1
DA:79,1
DA:81,0
DA:86,1
DA:87,1
DA:92,1
DA:94,0
DA:99,1
DA:100,1
DA:105,1
DA:107,0
DA:112,1
DA:118,1
DA:119,1
DA:120,1
DA:122,0
DA:127,1
DA:128,1
DA:129,1
DA:131,0
LF:41
LH:28
BRF:0
BRH:0
end_of_record
TN:
SF:src\push notification\cronJob.js
FN:6,(anonymous_0)
FN:7,(anonymous_1)
FNF:2
FNH:1
FNDA:1,(anonymous_0)
FNDA:0,(anonymous_1)
DA:6,1
DA:7,1
LF:2
LH:2
BRF:0
BRH:0
end_of_record
TN:
SF:src\routes\notifications.js
FN:16,(anonymous_0)
FN:21,(anonymous_1)
FN:43,(anonymous_2)
FN:61,(anonymous_3)
FN:78,(anonymous_4)
FN:95,(anonymous_5)
FN:113,(anonymous_6)
FN:131,(anonymous_7)
FN:149,(anonymous_8)
FN:165,(anonymous_9)
FNF:10
FNH:8
FNDA:0,(anonymous_0)
FNDA:0,(anonymous_1)
FNDA:1,(anonymous_2)
FNDA:2,(anonymous_3)
FNDA:1,(anonymous_4)
FNDA:1,(anonymous_5)
FNDA:1,(anonymous_6)
FNDA:1,(anonymous_7)
FNDA:1,(anonymous_8)
FNDA:1,(anonymous_9)
DA:9,1
DA:10,1
DA:11,1
DA:13,1
DA:16,1
DA:17,0
DA:21,1
DA:22,0
DA:24,0
DA:26,0
DA:27,0
DA:29,0
DA:31,0
DA:32,0
DA:34,0
DA:37,0
DA:43,1
DA:44,1
DA:46,1
DA:47,1
DA:49,1
DA:50,1
DA:52,0
DA:55,0
DA:61,1
DA:62,2
DA:64,2
DA:65,2
DA:67,2
DA:68,1
DA:70,1
DA:73,0
DA:78,1
DA:79,1
DA:81,1
DA:82,1
DA:84,1
DA:85,1
DA:87,0
DA:90,0
DA:95,1
DA:96,1
DA:98,1
DA:99,1
DA:101,1
DA:102,1
DA:104,0
DA:107,0
DA:113,1
DA:114,1
DA:116,1
DA:117,1
DA:119,1
DA:120,1
DA:122,0
DA:125,0
DA:131,1
DA:132,1
DA:134,1
DA:135,1
DA:137,1
DA:138,1
DA:140,0
DA:143,0
DA:149,1
DA:150,1
DA:152,1
DA:153,1
DA:154,1
DA:155,1
DA:157,0
DA:160,0
DA:165,1
DA:166,1
DA:168,1
DA:169,1
DA:171,1
DA:172,1
DA:174,0
DA:177,0
LF:80
LH:55
BRDA:24,0,0,0
BRDA:24,0,1,0
BRDA:24,1,0,0
BRDA:24,1,1,0
BRDA:31,2,0,0
BRDA:31,2,1,0
BRDA:46,3,0,1
BRDA:46,3,1,0
BRDA:46,4,0,1
BRDA:46,4,1,1
BRDA:46,4,2,1
BRDA:46,4,3,1
BRDA:49,5,0,1
BRDA:49,5,1,0
BRDA:64,6,0,2
BRDA:64,6,1,0
BRDA:67,7,0,1
BRDA:67,7,1,1
BRDA:81,8,0,1
BRDA:81,8,1,0
BRDA:84,9,0,1
BRDA:84,9,1,0
BRDA:98,10,0,1
BRDA:98,10,1,0
BRDA:101,11,0,1
BRDA:101,11,1,0
BRDA:116,12,0,1
BRDA:116,12,1,0
BRDA:119,13,0,1
BRDA:119,13,1,0
BRDA:134,14,0,1
BRDA:134,14,1,0
BRDA:137,15,0,1
BRDA:137,15,1,0
BRDA:152,16,0,1
BRDA:152,16,1,0
BRDA:152,17,0,1
BRDA:152,17,1,1
BRDA:152,17,2,1
BRDA:154,18,0,1
BRDA:154,18,1,0
BRDA:168,19,0,1
BRDA:168,19,1,0
BRDA:171,20,0,1
BRDA:171,20,1,0
BRF:45
BRH:24
end_of_record
